0 info it worked if it ends with ok
1 verbose cli [ 'node', '/usr/local/bin/npm', 'start' ]
2 info using npm@3.4.1
3 info using node@v0.12.0
4 verbose run-script [ 'prestart', 'start', 'poststart' ]
5 info lifecycle forbes-personal-homepage@0.1.0~prestart: forbes-personal-homepage@0.1.0
6 silly lifecycle forbes-personal-homepage@0.1.0~prestart: no script for prestart, continuing
7 info lifecycle forbes-personal-homepage@0.1.0~start: forbes-personal-homepage@0.1.0
8 verbose lifecycle forbes-personal-homepage@0.1.0~start: unsafe-perm in lifecycle true
9 verbose lifecycle forbes-personal-homepage@0.1.0~start: PATH: /usr/local/lib/node_modules/npm/bin/node-gyp-bin:/home/forbes/Documents/GIT-Repos/forbes/node_modules/.bin:/home/forbes/BB10WebWorksSDK2.2.0.15:/home/forbes/BB10WebWorksSDK2.2.0.15/cordova-blackberry/bin/dependencies/bb-tools/bin:/usr/local/sbin:/usr/local/bin:/usr/sbin:/usr/bin:/sbin:/bin:/usr/games:/usr/local/games
10 verbose lifecycle forbes-personal-homepage@0.1.0~start: CWD: /home/forbes/Documents/GIT-Repos/forbes
11 silly lifecycle forbes-personal-homepage@0.1.0~start: Args: [ '-c', 'node --harmony index.js' ]
12 silly lifecycle forbes-personal-homepage@0.1.0~start: Returned: code: 1  signal: null
13 info lifecycle forbes-personal-homepage@0.1.0~start: Failed to exec start script
14 verbose stack Error: forbes-personal-homepage@0.1.0 start: `node --harmony index.js`
14 verbose stack Exit status 1
14 verbose stack     at EventEmitter.<anonymous> (/usr/local/lib/node_modules/npm/lib/utils/lifecycle.js:232:16)
14 verbose stack     at EventEmitter.emit (events.js:110:17)
14 verbose stack     at ChildProcess.<anonymous> (/usr/local/lib/node_modules/npm/lib/utils/spawn.js:24:14)
14 verbose stack     at ChildProcess.emit (events.js:110:17)
14 verbose stack     at maybeClose (child_process.js:1008:16)
14 verbose stack     at Process.ChildProcess._handle.onexit (child_process.js:1080:5)
15 verbose pkgid forbes-personal-homepage@0.1.0
16 verbose cwd /home/forbes/Documents/GIT-Repos/forbes
17 error Linux 3.13.0-37-generic
18 error argv "node" "/usr/local/bin/npm" "start"
19 error node v0.12.0
20 error npm  v3.4.1
21 error code ELIFECYCLE
22 error forbes-personal-homepage@0.1.0 start: `node --harmony index.js`
22 error Exit status 1
23 error Failed at the forbes-personal-homepage@0.1.0 start script 'node --harmony index.js'.
23 error Make sure you have the latest version of node.js and npm installed.
23 error If you do, this is most likely a problem with the forbes-personal-homepage package,
23 error not with npm itself.
23 error Tell the author that this fails on your system:
23 error     node --harmony index.js
23 error You can get their info via:
23 error     npm owner ls forbes-personal-homepage
23 error There is likely additional logging output above.
24 verbose exit [ 1, true ]
